<?xml version="1.0" encoding="UTF-8"?>
<testsuite xmlns:xsi="http://www.w3.org/2001/XMLSchema-instance" xsi:noNamespaceSchemaLocation="https://maven.apache.org/surefire/maven-surefire-plugin/xsd/surefire-test-report-3.0.xsd" version="3.0" name="demo.boot.EurekaClientPaymentServiceApplicationTests" time="86.059" tests="1" errors="0" skipped="0" failures="0">
  <properties>
[...]
</properties>
  <testcase name="contextLoads" classname="demo.boot.EurekaClientPaymentServiceApplicationTests" time="13.641">
    <system-out><![CDATA[14:36:21.613 [main] INFO org.springframework.test.context.support.AnnotationConfigContextLoaderUtils -- Could not detect default configuration classes for test class [demo.boot.EurekaClientPaymentServiceApplicationTests]: EurekaClientPaymentServiceApplicationTests does not declare any static, non-private, non-final, nested classes annotated with @Configuration.
14:36:23.615 [main] INFO org.springframework.boot.test.context.SpringBootTestContextBootstrapper -- Found @SpringBootConfiguration demo.boot.EurekaClientPaymentServiceApplication for test class demo.boot.EurekaClientPaymentServiceApplicationTests

  .   ____          _            __ _ _
 /\\ / ___'_ __ _ _(_)_ __  __ _ \ \ \ \
( ( )\___ | '_ | '_| | '_ \/ _` | \ \ \ \
 \\/  ___)| |_)| | | | | || (_| |  ) ) ) )
  '  |____| .__|_| |_|_| |_\__, | / / / /
 =========|_|==============|___/=/_/_/_/
 :: Spring Boot ::                (v3.1.2)

2023-08-23T14:36:33.948+05:30  INFO 720 --- [           main] rekaClientPaymentServiceApplicationTests : Starting EurekaClientPaymentServiceApplicationTests using Java 17.0.8 with PID 720 (started by Admin in C:\spring\labs\PaymentService)
2023-08-23T14:36:34.007+05:30  INFO 720 --- [           main] rekaClientPaymentServiceApplicationTests : No active profile set, falling back to 1 default profile: "default"
2023-08-23T14:37:27.192+05:30  INFO 720 --- [           main] o.s.b.a.e.web.EndpointLinksResolver      : Exposing 1 endpoint(s) beneath base path '/actuator'
2023-08-23T14:37:29.289+05:30  INFO 720 --- [           main] rekaClientPaymentServiceApplicationTests : Started EurekaClientPaymentServiceApplicationTests in 62.04 seconds (process running for 84.005)
]]></system-out>
  </testcase>
</testsuite>